<?xml version="1.0" encoding="UTF-8"?>
<coverage generated="1776554715533" clover="3.2.0">
  <project timestamp="1776554715533" name="All files">
    <metrics statements="2182" coveredstatements="1536" conditionals="464" coveredconditionals="413" methods="79" coveredmethods="62" elements="2725" coveredelements="2011" complexity="0" loc="2182" ncloc="2182" packages="3" files="20" classes="20"/>
    <package name="src">
      <metrics statements="2138" coveredstatements="1536" conditionals="461" coveredconditionals="412" methods="76" coveredmethods="61"/>
      <file name="analyze.ts" path="/Users/brianfending/Documents/source/ordovera/ordovera-plugins/packages/cc-mcp-audit/src/analyze.ts">
        <metrics statements="86" coveredstatements="82" conditionals="29" coveredconditionals="25" methods="4" coveredmethods="4"/>
        <line num="1" count="1" type="stmt"/>
        <line num="21" count="14" type="cond" truecount="1" falsecount="0"/>
        <line num="22" count="14" type="stmt"/>
        <line num="23" count="14" type="stmt"/>
        <line num="24" count="14" type="stmt"/>
        <line num="26" count="14" type="cond" truecount="1" falsecount="0"/>
        <line num="27" count="163" type="cond" truecount="2" falsecount="0"/>
        <line num="28" count="116" type="stmt"/>
        <line num="29" count="116" type="stmt"/>
        <line num="30" count="116" type="stmt"/>
        <line num="32" count="163" type="cond" truecount="1" falsecount="0"/>
        <line num="33" count="444" type="cond" truecount="2" falsecount="0"/>
        <line num="34" count="435" type="stmt"/>
        <line num="35" count="444" type="cond" truecount="1" falsecount="0"/>
        <line num="36" count="149" type="stmt"/>
        <line num="37" count="444" type="cond" truecount="2" falsecount="0"/>
        <line num="38" count="64" type="stmt"/>
        <line num="39" count="286" type="cond" truecount="3" falsecount="0"/>
        <line num="40" count="3" type="stmt"/>
        <line num="41" count="222" type="cond" truecount="2" falsecount="0"/>
        <line num="42" count="38" type="stmt"/>
        <line num="43" count="38" type="stmt"/>
        <line num="44" count="444" type="cond" truecount="1" falsecount="0"/>
        <line num="45" count="163" type="stmt"/>
        <line num="47" count="14" type="stmt"/>
        <line num="49" count="14" type="cond" truecount="1" falsecount="0"/>
        <line num="50" count="5" type="cond" truecount="0" falsecount="1"/>
        <line num="51" count="5" type="cond" truecount="1" falsecount="0"/>
        <line num="52" count="9" type="cond" truecount="0" falsecount="1"/>
        <line num="53" count="14" type="cond" truecount="0" falsecount="1"/>
        <line num="54" count="14" type="stmt"/>
        <line num="59" count="1" type="cond" truecount="1" falsecount="0"/>
        <line num="60" count="14" type="stmt"/>
        <line num="61" count="14" type="cond" truecount="1" falsecount="0"/>
        <line num="62" count="14" type="stmt"/>
        <line num="63" count="14" type="stmt"/>
        <line num="65" count="14" type="stmt"/>
        <line num="66" count="14" type="cond" truecount="0" falsecount="1"/>
        <line num="67" count="0" type="stmt"/>
        <line num="68" count="0" type="stmt"/>
        <line num="69" count="0" type="stmt"/>
        <line num="70" count="0" type="stmt"/>
        <line num="72" count="14" type="stmt"/>
        <line num="73" count="14" type="stmt"/>
        <line num="75" count="14" type="cond" truecount="1" falsecount="0"/>
        <line num="78" count="2" type="stmt"/>
        <line num="79" count="2" type="cond" truecount="1" falsecount="0"/>
        <line num="80" count="1" type="stmt"/>
        <line num="81" count="1" type="stmt"/>
        <line num="83" count="1" type="stmt"/>
        <line num="84" count="1" type="stmt"/>
        <line num="85" count="1" type="stmt"/>
        <line num="86" count="1" type="stmt"/>
        <line num="88" count="1" type="stmt"/>
        <line num="89" count="1" type="stmt"/>
        <line num="90" count="2" type="stmt"/>
        <line num="92" count="14" type="stmt"/>
        <line num="93" count="14" type="cond" truecount="1" falsecount="0"/>
        <line num="94" count="14" type="stmt"/>
        <line num="96" count="14" type="stmt"/>
        <line num="97" count="14" type="stmt"/>
        <line num="98" count="14" type="stmt"/>
        <line num="99" count="14" type="stmt"/>
        <line num="100" count="14" type="stmt"/>
        <line num="101" count="14" type="stmt"/>
        <line num="102" count="14" type="stmt"/>
        <line num="103" count="14" type="stmt"/>
        <line num="104" count="14" type="stmt"/>
        <line num="106" count="14" type="stmt"/>
        <line num="107" count="14" type="stmt"/>
        <line num="108" count="14" type="stmt"/>
        <line num="110" count="14" type="cond" truecount="1" falsecount="0"/>
        <line num="111" count="1" type="stmt"/>
        <line num="112" count="1" type="stmt"/>
        <line num="113" count="1" type="stmt"/>
        <line num="114" count="1" type="stmt"/>
        <line num="117" count="14" type="stmt"/>
        <line num="120" count="14" type="stmt"/>
        <line num="122" count="14" type="stmt"/>
        <line num="123" count="14" type="stmt"/>
        <line num="128" count="1" type="cond" truecount="1" falsecount="0"/>
        <line num="129" count="1" type="stmt"/>
        <line num="130" count="1" type="stmt"/>
        <line num="131" count="1" type="stmt"/>
        <line num="132" count="1" type="stmt"/>
        <line num="133" count="1" type="stmt"/>
      </file>
      <file name="classify.ts" path="/Users/brianfending/Documents/source/ordovera/ordovera-plugins/packages/cc-mcp-audit/src/classify.ts">
        <metrics statements="41" coveredstatements="41" conditionals="9" coveredconditionals="9" methods="1" coveredmethods="1"/>
        <line num="11" count="1" type="stmt"/>
        <line num="12" count="1" type="stmt"/>
        <line num="13" count="1" type="stmt"/>
        <line num="14" count="1" type="stmt"/>
        <line num="15" count="1" type="stmt"/>
        <line num="16" count="1" type="stmt"/>
        <line num="17" count="1" type="stmt"/>
        <line num="18" count="1" type="stmt"/>
        <line num="20" count="1" type="stmt"/>
        <line num="21" count="1" type="stmt"/>
        <line num="22" count="1" type="stmt"/>
        <line num="23" count="1" type="stmt"/>
        <line num="24" count="1" type="stmt"/>
        <line num="25" count="1" type="stmt"/>
        <line num="31" count="1" type="cond" truecount="1" falsecount="0"/>
        <line num="32" count="21" type="stmt"/>
        <line num="33" count="21" type="stmt"/>
        <line num="34" count="21" type="cond" truecount="1" falsecount="0"/>
        <line num="35" count="94" type="stmt"/>
        <line num="38" count="94" type="stmt"/>
        <line num="39" count="94" type="cond" truecount="1" falsecount="0"/>
        <line num="40" count="42" type="cond" truecount="1" falsecount="0"/>
        <line num="41" count="94" type="cond" truecount="1" falsecount="0"/>
        <line num="42" count="5" type="stmt"/>
        <line num="43" count="5" type="stmt"/>
        <line num="44" count="5" type="cond" truecount="1" falsecount="0"/>
        <line num="45" count="5" type="stmt"/>
        <line num="46" count="5" type="stmt"/>
        <line num="49" count="94" type="stmt"/>
        <line num="50" count="94" type="cond" truecount="1" falsecount="0"/>
        <line num="51" count="46" type="cond" truecount="1" falsecount="0"/>
        <line num="52" count="94" type="cond" truecount="1" falsecount="0"/>
        <line num="53" count="2" type="stmt"/>
        <line num="54" count="2" type="stmt"/>
        <line num="55" count="2" type="stmt"/>
        <line num="56" count="2" type="stmt"/>
        <line num="57" count="2" type="stmt"/>
        <line num="58" count="2" type="stmt"/>
        <line num="60" count="94" type="stmt"/>
        <line num="61" count="21" type="stmt"/>
        <line num="62" count="21" type="stmt"/>
      </file>
      <file name="cli.ts" path="/Users/brianfending/Documents/source/ordovera/ordovera-plugins/packages/cc-mcp-audit/src/cli.ts">
        <metrics statements="180" coveredstatements="0" conditionals="1" coveredconditionals="0" methods="1" coveredmethods="0"/>
        <line num="1" count="0" type="cond" truecount="0" falsecount="1"/>
        <line num="3" count="0" type="stmt"/>
        <line num="4" count="0" type="stmt"/>
        <line num="5" count="0" type="stmt"/>
        <line num="7" count="0" type="stmt"/>
        <line num="8" count="0" type="stmt"/>
        <line num="9" count="0" type="stmt"/>
        <line num="10" count="0" type="stmt"/>
        <line num="11" count="0" type="stmt"/>
        <line num="12" count="0" type="stmt"/>
        <line num="13" count="0" type="stmt"/>
        <line num="15" count="0" type="stmt"/>
        <line num="17" count="0" type="stmt"/>
        <line num="18" count="0" type="stmt"/>
        <line num="19" count="0" type="stmt"/>
        <line num="20" count="0" type="stmt"/>
        <line num="21" count="0" type="stmt"/>
        <line num="22" count="0" type="stmt"/>
        <line num="23" count="0" type="stmt"/>
        <line num="24" count="0" type="stmt"/>
        <line num="26" count="0" type="stmt"/>
        <line num="27" count="0" type="stmt"/>
        <line num="28" count="0" type="stmt"/>
        <line num="29" count="0" type="stmt"/>
        <line num="30" count="0" type="stmt"/>
        <line num="31" count="0" type="stmt"/>
        <line num="32" count="0" type="stmt"/>
        <line num="33" count="0" type="stmt"/>
        <line num="34" count="0" type="stmt"/>
        <line num="35" count="0" type="stmt"/>
        <line num="36" count="0" type="stmt"/>
        <line num="37" count="0" type="stmt"/>
        <line num="38" count="0" type="stmt"/>
        <line num="39" count="0" type="stmt"/>
        <line num="40" count="0" type="stmt"/>
        <line num="41" count="0" type="stmt"/>
        <line num="42" count="0" type="stmt"/>
        <line num="44" count="0" type="stmt"/>
        <line num="45" count="0" type="stmt"/>
        <line num="70" count="0" type="stmt"/>
        <line num="71" count="0" type="stmt"/>
        <line num="72" count="0" type="stmt"/>
        <line num="74" count="0" type="stmt"/>
        <line num="76" count="0" type="stmt"/>
        <line num="77" count="0" type="stmt"/>
        <line num="78" count="0" type="stmt"/>
        <line num="79" count="0" type="stmt"/>
        <line num="80" count="0" type="stmt"/>
        <line num="81" count="0" type="stmt"/>
        <line num="82" count="0" type="stmt"/>
        <line num="83" count="0" type="stmt"/>
        <line num="84" count="0" type="stmt"/>
        <line num="85" count="0" type="stmt"/>
        <line num="86" count="0" type="stmt"/>
        <line num="87" count="0" type="stmt"/>
        <line num="88" count="0" type="stmt"/>
        <line num="89" count="0" type="stmt"/>
        <line num="90" count="0" type="stmt"/>
        <line num="91" count="0" type="stmt"/>
        <line num="92" count="0" type="stmt"/>
        <line num="93" count="0" type="stmt"/>
        <line num="94" count="0" type="stmt"/>
        <line num="95" count="0" type="stmt"/>
        <line num="96" count="0" type="stmt"/>
        <line num="97" count="0" type="stmt"/>
        <line num="98" count="0" type="stmt"/>
        <line num="99" count="0" type="stmt"/>
        <line num="100" count="0" type="stmt"/>
        <line num="101" count="0" type="stmt"/>
        <line num="102" count="0" type="stmt"/>
        <line num="103" count="0" type="stmt"/>
        <line num="104" count="0" type="stmt"/>
        <line num="106" count="0" type="stmt"/>
        <line num="107" count="0" type="stmt"/>
        <line num="108" count="0" type="stmt"/>
        <line num="109" count="0" type="stmt"/>
        <line num="110" count="0" type="stmt"/>
        <line num="111" count="0" type="stmt"/>
        <line num="112" count="0" type="stmt"/>
        <line num="113" count="0" type="stmt"/>
        <line num="114" count="0" type="stmt"/>
        <line num="115" count="0" type="stmt"/>
        <line num="116" count="0" type="stmt"/>
        <line num="117" count="0" type="stmt"/>
        <line num="118" count="0" type="stmt"/>
        <line num="119" count="0" type="stmt"/>
        <line num="121" count="0" type="stmt"/>
        <line num="122" count="0" type="stmt"/>
        <line num="157" count="0" type="stmt"/>
        <line num="158" count="0" type="stmt"/>
        <line num="159" count="0" type="stmt"/>
        <line num="161" count="0" type="stmt"/>
        <line num="163" count="0" type="stmt"/>
        <line num="164" count="0" type="stmt"/>
        <line num="165" count="0" type="stmt"/>
        <line num="167" count="0" type="stmt"/>
        <line num="168" count="0" type="stmt"/>
        <line num="169" count="0" type="stmt"/>
        <line num="170" count="0" type="stmt"/>
        <line num="172" count="0" type="stmt"/>
        <line num="173" count="0" type="stmt"/>
        <line num="175" count="0" type="stmt"/>
        <line num="176" count="0" type="stmt"/>
        <line num="177" count="0" type="stmt"/>
        <line num="178" count="0" type="stmt"/>
        <line num="179" count="0" type="stmt"/>
        <line num="182" count="0" type="stmt"/>
        <line num="183" count="0" type="stmt"/>
        <line num="184" count="0" type="stmt"/>
        <line num="185" count="0" type="stmt"/>
        <line num="186" count="0" type="stmt"/>
        <line num="187" count="0" type="stmt"/>
        <line num="188" count="0" type="stmt"/>
        <line num="189" count="0" type="stmt"/>
        <line num="191" count="0" type="stmt"/>
        <line num="192" count="0" type="stmt"/>
        <line num="193" count="0" type="stmt"/>
        <line num="195" count="0" type="stmt"/>
        <line num="196" count="0" type="stmt"/>
        <line num="197" count="0" type="stmt"/>
        <line num="198" count="0" type="stmt"/>
        <line num="199" count="0" type="stmt"/>
        <line num="200" count="0" type="stmt"/>
        <line num="201" count="0" type="stmt"/>
        <line num="202" count="0" type="stmt"/>
        <line num="203" count="0" type="stmt"/>
        <line num="204" count="0" type="stmt"/>
        <line num="205" count="0" type="stmt"/>
        <line num="206" count="0" type="stmt"/>
        <line num="207" count="0" type="stmt"/>
        <line num="208" count="0" type="stmt"/>
        <line num="209" count="0" type="stmt"/>
        <line num="210" count="0" type="stmt"/>
        <line num="211" count="0" type="stmt"/>
        <line num="212" count="0" type="stmt"/>
        <line num="213" count="0" type="stmt"/>
        <line num="215" count="0" type="stmt"/>
        <line num="216" count="0" type="stmt"/>
        <line num="217" count="0" type="stmt"/>
        <line num="218" count="0" type="stmt"/>
        <line num="220" count="0" type="stmt"/>
        <line num="221" count="0" type="stmt"/>
        <line num="222" count="0" type="stmt"/>
        <line num="223" count="0" type="stmt"/>
        <line num="224" count="0" type="stmt"/>
        <line num="225" count="0" type="stmt"/>
        <line num="226" count="0" type="stmt"/>
        <line num="227" count="0" type="stmt"/>
        <line num="228" count="0" type="stmt"/>
        <line num="229" count="0" type="stmt"/>
        <line num="230" count="0" type="stmt"/>
        <line num="231" count="0" type="stmt"/>
        <line num="232" count="0" type="stmt"/>
        <line num="233" count="0" type="stmt"/>
        <line num="234" count="0" type="stmt"/>
        <line num="235" count="0" type="stmt"/>
        <line num="236" count="0" type="stmt"/>
        <line num="237" count="0" type="stmt"/>
        <line num="238" count="0" type="stmt"/>
        <line num="239" count="0" type="stmt"/>
        <line num="240" count="0" type="stmt"/>
        <line num="241" count="0" type="stmt"/>
        <line num="242" count="0" type="stmt"/>
        <line num="243" count="0" type="stmt"/>
        <line num="244" count="0" type="stmt"/>
        <line num="245" count="0" type="stmt"/>
        <line num="246" count="0" type="stmt"/>
        <line num="247" count="0" type="stmt"/>
        <line num="248" count="0" type="stmt"/>
        <line num="249" count="0" type="stmt"/>
        <line num="251" count="0" type="stmt"/>
        <line num="252" count="0" type="stmt"/>
        <line num="253" count="0" type="stmt"/>
        <line num="254" count="0" type="stmt"/>
        <line num="255" count="0" type="stmt"/>
        <line num="256" count="0" type="stmt"/>
        <line num="257" count="0" type="stmt"/>
        <line num="259" count="0" type="stmt"/>
        <line num="260" count="0" type="stmt"/>
        <line num="261" count="0" type="stmt"/>
      </file>
      <file name="clone.ts" path="/Users/brianfending/Documents/source/ordovera/ordovera-plugins/packages/cc-mcp-audit/src/clone.ts">
        <metrics statements="50" coveredstatements="25" conditionals="9" coveredconditionals="4" methods="3" coveredmethods="2"/>
        <line num="1" count="1" type="stmt"/>
        <line num="16" count="1" type="cond" truecount="1" falsecount="0"/>
        <line num="18" count="14" type="stmt"/>
        <line num="19" count="14" type="cond" truecount="0" falsecount="1"/>
        <line num="20" count="0" type="stmt"/>
        <line num="21" count="0" type="stmt"/>
        <line num="22" count="14" type="stmt"/>
        <line num="23" count="14" type="stmt"/>
        <line num="24" count="14" type="stmt"/>
        <line num="25" count="14" type="stmt"/>
        <line num="26" count="14" type="stmt"/>
        <line num="27" count="14" type="cond" truecount="0" falsecount="1"/>
        <line num="30" count="0" type="stmt"/>
        <line num="31" count="0" type="stmt"/>
        <line num="32" count="0" type="cond" truecount="0" falsecount="1"/>
        <line num="33" count="0" type="stmt"/>
        <line num="35" count="14" type="cond" truecount="0" falsecount="1"/>
        <line num="36" count="0" type="stmt"/>
        <line num="37" count="0" type="stmt"/>
        <line num="39" count="0" type="stmt"/>
        <line num="41" count="0" type="stmt"/>
        <line num="42" count="0" type="stmt"/>
        <line num="43" count="0" type="stmt"/>
        <line num="44" count="0" type="stmt"/>
        <line num="45" count="0" type="stmt"/>
        <line num="46" count="0" type="stmt"/>
        <line num="47" count="0" type="stmt"/>
        <line num="48" count="0" type="stmt"/>
        <line num="49" count="0" type="stmt"/>
        <line num="50" count="0" type="stmt"/>
        <line num="52" count="0" type="stmt"/>
        <line num="53" count="0" type="stmt"/>
        <line num="55" count="0" type="stmt"/>
        <line num="56" count="0" type="stmt"/>
        <line num="57" count="0" type="stmt"/>
        <line num="58" count="0" type="stmt"/>
        <line num="65" count="1" type="cond" truecount="1" falsecount="0"/>
        <line num="66" count="17" type="stmt"/>
        <line num="67" count="17" type="stmt"/>
        <line num="68" count="17" type="stmt"/>
        <line num="69" count="17" type="stmt"/>
        <line num="70" count="17" type="stmt"/>
        <line num="71" count="17" type="stmt"/>
        <line num="72" count="17" type="stmt"/>
        <line num="73" count="17" type="stmt"/>
        <line num="74" count="17" type="cond" truecount="1" falsecount="1"/>
        <line num="75" count="17" type="cond" truecount="1" falsecount="0"/>
        <line num="76" count="2" type="stmt"/>
        <line num="77" count="2" type="stmt"/>
        <line num="78" count="17" type="stmt"/>
      </file>
      <file name="discover.ts" path="/Users/brianfending/Documents/source/ordovera/ordovera-plugins/packages/cc-mcp-audit/src/discover.ts">
        <metrics statements="243" coveredstatements="21" conditionals="2" coveredconditionals="2" methods="8" coveredmethods="1"/>
        <line num="1" count="1" type="stmt"/>
        <line num="9" count="1" type="stmt"/>
        <line num="10" count="1" type="stmt"/>
        <line num="11" count="1" type="stmt"/>
        <line num="12" count="1" type="stmt"/>
        <line num="14" count="1" type="stmt"/>
        <line num="37" count="0" type="stmt"/>
        <line num="38" count="0" type="stmt"/>
        <line num="39" count="0" type="stmt"/>
        <line num="45" count="0" type="stmt"/>
        <line num="46" count="0" type="stmt"/>
        <line num="47" count="0" type="stmt"/>
        <line num="48" count="0" type="stmt"/>
        <line num="51" count="0" type="stmt"/>
        <line num="52" count="0" type="stmt"/>
        <line num="53" count="0" type="stmt"/>
        <line num="54" count="0" type="stmt"/>
        <line num="55" count="0" type="stmt"/>
        <line num="56" count="0" type="stmt"/>
        <line num="59" count="0" type="stmt"/>
        <line num="60" count="0" type="stmt"/>
        <line num="61" count="0" type="stmt"/>
        <line num="62" count="0" type="stmt"/>
        <line num="63" count="0" type="stmt"/>
        <line num="64" count="0" type="stmt"/>
        <line num="65" count="0" type="stmt"/>
        <line num="66" count="0" type="stmt"/>
        <line num="67" count="0" type="stmt"/>
        <line num="68" count="0" type="stmt"/>
        <line num="69" count="0" type="stmt"/>
        <line num="70" count="0" type="stmt"/>
        <line num="71" count="0" type="stmt"/>
        <line num="72" count="0" type="stmt"/>
        <line num="73" count="0" type="stmt"/>
        <line num="74" count="0" type="stmt"/>
        <line num="75" count="0" type="stmt"/>
        <line num="76" count="0" type="stmt"/>
        <line num="77" count="0" type="stmt"/>
        <line num="78" count="0" type="stmt"/>
        <line num="79" count="0" type="stmt"/>
        <line num="80" count="0" type="stmt"/>
        <line num="81" count="0" type="stmt"/>
        <line num="82" count="0" type="stmt"/>
        <line num="83" count="0" type="stmt"/>
        <line num="84" count="0" type="stmt"/>
        <line num="85" count="0" type="stmt"/>
        <line num="88" count="0" type="stmt"/>
        <line num="89" count="0" type="stmt"/>
        <line num="90" count="0" type="stmt"/>
        <line num="91" count="0" type="stmt"/>
        <line num="92" count="0" type="stmt"/>
        <line num="93" count="0" type="stmt"/>
        <line num="94" count="0" type="stmt"/>
        <line num="95" count="0" type="stmt"/>
        <line num="96" count="0" type="stmt"/>
        <line num="97" count="0" type="stmt"/>
        <line num="98" count="0" type="stmt"/>
        <line num="99" count="0" type="stmt"/>
        <line num="100" count="0" type="stmt"/>
        <line num="101" count="0" type="stmt"/>
        <line num="102" count="0" type="stmt"/>
        <line num="103" count="0" type="stmt"/>
        <line num="104" count="0" type="stmt"/>
        <line num="105" count="0" type="stmt"/>
        <line num="106" count="0" type="stmt"/>
        <line num="107" count="0" type="stmt"/>
        <line num="108" count="0" type="stmt"/>
        <line num="109" count="0" type="stmt"/>
        <line num="110" count="0" type="stmt"/>
        <line num="111" count="0" type="stmt"/>
        <line num="114" count="0" type="stmt"/>
        <line num="115" count="0" type="stmt"/>
        <line num="116" count="0" type="stmt"/>
        <line num="117" count="0" type="stmt"/>
        <line num="118" count="0" type="stmt"/>
        <line num="119" count="0" type="stmt"/>
        <line num="120" count="0" type="stmt"/>
        <line num="121" count="0" type="stmt"/>
        <line num="122" count="0" type="stmt"/>
        <line num="125" count="0" type="stmt"/>
        <line num="126" count="0" type="stmt"/>
        <line num="127" count="0" type="stmt"/>
        <line num="128" count="0" type="stmt"/>
        <line num="129" count="0" type="stmt"/>
        <line num="130" count="0" type="stmt"/>
        <line num="131" count="0" type="stmt"/>
        <line num="132" count="0" type="stmt"/>
        <line num="133" count="0" type="stmt"/>
        <line num="134" count="0" type="stmt"/>
        <line num="135" count="0" type="stmt"/>
        <line num="136" count="0" type="stmt"/>
        <line num="137" count="0" type="stmt"/>
        <line num="138" count="0" type="stmt"/>
        <line num="139" count="0" type="stmt"/>
        <line num="140" count="0" type="stmt"/>
        <line num="141" count="0" type="stmt"/>
        <line num="142" count="0" type="stmt"/>
        <line num="143" count="0" type="stmt"/>
        <line num="144" count="0" type="stmt"/>
        <line num="145" count="0" type="stmt"/>
        <line num="146" count="0" type="stmt"/>
        <line num="147" count="0" type="stmt"/>
        <line num="150" count="0" type="stmt"/>
        <line num="152" count="0" type="stmt"/>
        <line num="153" count="0" type="stmt"/>
        <line num="154" count="0" type="stmt"/>
        <line num="155" count="0" type="stmt"/>
        <line num="156" count="0" type="stmt"/>
        <line num="157" count="0" type="stmt"/>
        <line num="159" count="0" type="stmt"/>
        <line num="160" count="0" type="stmt"/>
        <line num="161" count="0" type="stmt"/>
        <line num="162" count="0" type="stmt"/>
        <line num="163" count="0" type="stmt"/>
        <line num="164" count="0" type="stmt"/>
        <line num="165" count="0" type="stmt"/>
        <line num="170" count="0" type="stmt"/>
        <line num="171" count="0" type="stmt"/>
        <line num="172" count="0" type="stmt"/>
        <line num="173" count="0" type="stmt"/>
        <line num="174" count="0" type="stmt"/>
        <line num="175" count="0" type="stmt"/>
        <line num="177" count="0" type="stmt"/>
        <line num="178" count="0" type="stmt"/>
        <line num="179" count="0" type="stmt"/>
        <line num="181" count="0" type="stmt"/>
        <line num="182" count="0" type="stmt"/>
        <line num="183" count="0" type="stmt"/>
        <line num="189" count="1" type="cond" truecount="1" falsecount="0"/>
        <line num="190" count="8" type="stmt"/>
        <line num="193" count="8" type="stmt"/>
        <line num="194" count="8" type="stmt"/>
        <line num="196" count="8" type="cond" truecount="1" falsecount="0"/>
        <line num="197" count="17" type="stmt"/>
        <line num="199" count="17" type="stmt"/>
        <line num="200" count="17" type="stmt"/>
        <line num="202" count="17" type="stmt"/>
        <line num="203" count="17" type="stmt"/>
        <line num="204" count="17" type="stmt"/>
        <line num="205" count="17" type="stmt"/>
        <line num="206" count="17" type="stmt"/>
        <line num="208" count="8" type="stmt"/>
        <line num="209" count="8" type="stmt"/>
        <line num="214" count="0" type="stmt"/>
        <line num="215" count="0" type="stmt"/>
        <line num="216" count="0" type="stmt"/>
        <line num="217" count="0" type="stmt"/>
        <line num="218" count="0" type="stmt"/>
        <line num="219" count="0" type="stmt"/>
        <line num="220" count="0" type="stmt"/>
        <line num="221" count="0" type="stmt"/>
        <line num="222" count="0" type="stmt"/>
        <line num="224" count="0" type="stmt"/>
        <line num="225" count="0" type="stmt"/>
        <line num="227" count="0" type="stmt"/>
        <line num="228" count="0" type="stmt"/>
        <line num="229" count="0" type="stmt"/>
        <line num="230" count="0" type="stmt"/>
        <line num="231" count="0" type="stmt"/>
        <line num="232" count="0" type="stmt"/>
        <line num="233" count="0" type="stmt"/>
        <line num="234" count="0" type="stmt"/>
        <line num="236" count="0" type="stmt"/>
        <line num="237" count="0" type="stmt"/>
        <line num="238" count="0" type="stmt"/>
        <line num="239" count="0" type="stmt"/>
        <line num="240" count="0" type="stmt"/>
        <line num="241" count="0" type="stmt"/>
        <line num="242" count="0" type="stmt"/>
        <line num="244" count="0" type="stmt"/>
        <line num="245" count="0" type="stmt"/>
        <line num="247" count="0" type="stmt"/>
        <line num="248" count="0" type="stmt"/>
        <line num="249" count="0" type="stmt"/>
        <line num="250" count="0" type="stmt"/>
        <line num="251" count="0" type="stmt"/>
        <line num="252" count="0" type="stmt"/>
        <line num="253" count="0" type="stmt"/>
        <line num="254" count="0" type="stmt"/>
        <line num="255" count="0" type="stmt"/>
        <line num="257" count="0" type="stmt"/>
        <line num="259" count="0" type="stmt"/>
        <line num="260" count="0" type="stmt"/>
        <line num="261" count="0" type="stmt"/>
        <line num="262" count="0" type="stmt"/>
        <line num="263" count="0" type="stmt"/>
        <line num="264" count="0" type="stmt"/>
        <line num="265" count="0" type="stmt"/>
        <line num="266" count="0" type="stmt"/>
        <line num="268" count="0" type="stmt"/>
        <line num="269" count="0" type="stmt"/>
        <line num="274" count="0" type="stmt"/>
        <line num="275" count="0" type="stmt"/>
        <line num="276" count="0" type="stmt"/>
        <line num="277" count="0" type="stmt"/>
        <line num="278" count="0" type="stmt"/>
        <line num="279" count="0" type="stmt"/>
        <line num="280" count="0" type="stmt"/>
        <line num="281" count="0" type="stmt"/>
        <line num="282" count="0" type="stmt"/>
        <line num="285" count="0" type="stmt"/>
        <line num="286" count="0" type="stmt"/>
        <line num="287" count="0" type="stmt"/>
        <line num="288" count="0" type="stmt"/>
        <line num="289" count="0" type="stmt"/>
        <line num="290" count="0" type="stmt"/>
        <line num="291" count="0" type="stmt"/>
        <line num="292" count="0" type="stmt"/>
        <line num="293" count="0" type="stmt"/>
        <line num="295" count="0" type="stmt"/>
        <line num="296" count="0" type="stmt"/>
        <line num="297" count="0" type="stmt"/>
        <line num="298" count="0" type="stmt"/>
        <line num="299" count="0" type="stmt"/>
        <line num="300" count="0" type="stmt"/>
        <line num="301" count="0" type="stmt"/>
        <line num="304" count="0" type="stmt"/>
        <line num="305" count="0" type="stmt"/>
        <line num="306" count="0" type="stmt"/>
        <line num="307" count="0" type="stmt"/>
        <line num="308" count="0" type="stmt"/>
        <line num="310" count="0" type="stmt"/>
        <line num="311" count="0" type="stmt"/>
        <line num="312" count="0" type="stmt"/>
        <line num="314" count="0" type="stmt"/>
        <line num="315" count="0" type="stmt"/>
        <line num="316" count="0" type="stmt"/>
        <line num="317" count="0" type="stmt"/>
        <line num="318" count="0" type="stmt"/>
        <line num="319" count="0" type="stmt"/>
        <line num="320" count="0" type="stmt"/>
        <line num="321" count="0" type="stmt"/>
        <line num="323" count="0" type="stmt"/>
        <line num="324" count="0" type="stmt"/>
        <line num="325" count="0" type="stmt"/>
        <line num="326" count="0" type="stmt"/>
        <line num="327" count="0" type="stmt"/>
        <line num="328" count="0" type="stmt"/>
        <line num="329" count="0" type="stmt"/>
        <line num="331" count="0" type="stmt"/>
        <line num="332" count="0" type="stmt"/>
        <line num="333" count="0" type="stmt"/>
        <line num="334" count="0" type="stmt"/>
      </file>
      <file name="evidence.ts" path="/Users/brianfending/Documents/source/ordovera/ordovera-plugins/packages/cc-mcp-audit/src/evidence.ts">
        <metrics statements="90" coveredstatements="90" conditionals="26" coveredconditionals="25" methods="5" coveredmethods="5"/>
        <line num="1" count="1" type="stmt"/>
        <line num="13" count="1" type="stmt"/>
        <line num="15" count="1" type="stmt"/>
        <line num="26" count="1" type="cond" truecount="1" falsecount="0"/>
        <line num="27" count="14" type="stmt"/>
        <line num="28" count="14" type="cond" truecount="3" falsecount="0"/>
        <line num="30" count="14" type="cond" truecount="1" falsecount="0"/>
        <line num="31" count="14" type="stmt"/>
        <line num="32" count="14" type="stmt"/>
        <line num="33" count="14" type="stmt"/>
        <line num="34" count="14" type="stmt"/>
        <line num="35" count="14" type="cond" truecount="2" falsecount="0"/>
        <line num="36" count="3" type="stmt"/>
        <line num="37" count="3" type="stmt"/>
        <line num="38" count="3" type="stmt"/>
        <line num="39" count="3" type="cond" truecount="1" falsecount="0"/>
        <line num="40" count="8" type="stmt"/>
        <line num="41" count="14" type="cond" truecount="1" falsecount="0"/>
        <line num="42" count="5" type="cond" truecount="1" falsecount="0"/>
        <line num="43" count="1" type="stmt"/>
        <line num="44" count="1" type="cond" truecount="1" falsecount="0"/>
        <line num="45" count="5" type="cond" truecount="1" falsecount="0"/>
        <line num="46" count="1" type="stmt"/>
        <line num="47" count="1" type="cond" truecount="1" falsecount="0"/>
        <line num="48" count="3" type="stmt"/>
        <line num="49" count="3" type="cond" truecount="1" falsecount="0"/>
        <line num="51" count="8" type="stmt"/>
        <line num="52" count="8" type="stmt"/>
        <line num="53" count="8" type="stmt"/>
        <line num="54" count="8" type="stmt"/>
        <line num="55" count="8" type="stmt"/>
        <line num="56" count="8" type="stmt"/>
        <line num="57" count="8" type="stmt"/>
        <line num="58" count="14" type="cond" truecount="1" falsecount="0"/>
        <line num="59" count="1" type="stmt"/>
        <line num="60" count="1" type="cond" truecount="1" falsecount="0"/>
        <line num="62" count="8" type="stmt"/>
        <line num="63" count="8" type="stmt"/>
        <line num="64" count="8" type="stmt"/>
        <line num="65" count="8" type="stmt"/>
        <line num="70" count="1" type="cond" truecount="1" falsecount="0"/>
        <line num="71" count="7" type="stmt"/>
        <line num="72" count="7" type="stmt"/>
        <line num="74" count="28" type="cond" truecount="1" falsecount="0"/>
        <line num="75" count="28" type="stmt"/>
        <line num="76" count="28" type="stmt"/>
        <line num="77" count="28" type="stmt"/>
        <line num="78" count="28" type="cond" truecount="1" falsecount="0"/>
        <line num="79" count="28" type="cond" truecount="1" falsecount="0"/>
        <line num="80" count="28" type="cond" truecount="1" falsecount="0"/>
        <line num="81" count="28" type="stmt"/>
        <line num="82" count="28" type="stmt"/>
        <line num="83" count="28" type="stmt"/>
        <line num="91" count="1" type="cond" truecount="1" falsecount="0"/>
        <line num="92" count="28" type="stmt"/>
        <line num="93" count="28" type="stmt"/>
        <line num="94" count="28" type="stmt"/>
        <line num="95" count="28" type="cond" truecount="1" falsecount="0"/>
        <line num="96" count="28" type="stmt"/>
        <line num="97" count="28" type="stmt"/>
        <line num="98" count="28" type="stmt"/>
        <line num="99" count="28" type="stmt"/>
        <line num="100" count="28" type="stmt"/>
        <line num="101" count="28" type="stmt"/>
        <line num="102" count="28" type="stmt"/>
        <line num="103" count="28" type="stmt"/>
        <line num="104" count="28" type="stmt"/>
        <line num="105" count="28" type="stmt"/>
        <line num="106" count="28" type="stmt"/>
        <line num="107" count="28" type="stmt"/>
        <line num="108" count="28" type="stmt"/>
        <line num="109" count="28" type="stmt"/>
        <line num="110" count="28" type="stmt"/>
        <line num="111" count="28" type="stmt"/>
        <line num="112" count="28" type="stmt"/>
        <line num="113" count="28" type="stmt"/>
        <line num="114" count="28" type="stmt"/>
        <line num="119" count="1" type="cond" truecount="1" falsecount="0"/>
        <line num="120" count="8" type="stmt"/>
        <line num="121" count="8" type="stmt"/>
        <line num="122" count="8" type="stmt"/>
        <line num="123" count="8" type="cond" truecount="0" falsecount="1"/>
        <line num="124" count="8" type="stmt"/>
        <line num="125" count="8" type="stmt"/>
        <line num="126" count="8" type="stmt"/>
        <line num="127" count="8" type="stmt"/>
        <line num="128" count="8" type="cond" truecount="1" falsecount="0"/>
        <line num="129" count="8" type="stmt"/>
        <line num="130" count="8" type="stmt"/>
        <line num="131" count="8" type="stmt"/>
      </file>
      <file name="extract.ts" path="/Users/brianfending/Documents/source/ordovera/ordovera-plugins/packages/cc-mcp-audit/src/extract.ts">
        <metrics statements="207" coveredstatements="195" conditionals="64" coveredconditionals="58" methods="7" coveredmethods="7"/>
        <line num="1" count="1" type="stmt"/>
        <line num="5" count="1" type="stmt"/>
        <line num="6" count="1" type="stmt"/>
        <line num="7" count="1" type="stmt"/>
        <line num="8" count="1" type="stmt"/>
        <line num="9" count="1" type="stmt"/>
        <line num="11" count="1" type="stmt"/>
        <line num="12" count="1" type="stmt"/>
        <line num="13" count="1" type="stmt"/>
        <line num="14" count="1" type="stmt"/>
        <line num="19" count="1" type="cond" truecount="1" falsecount="0"/>
        <line num="20" count="17" type="stmt"/>
        <line num="21" count="17" type="stmt"/>
        <line num="23" count="17" type="cond" truecount="1" falsecount="0"/>
        <line num="24" count="131" type="stmt"/>
        <line num="25" count="131" type="stmt"/>
        <line num="26" count="131" type="stmt"/>
        <line num="28" count="131" type="cond" truecount="1" falsecount="0"/>
        <line num="29" count="53" type="stmt"/>
        <line num="30" count="131" type="cond" truecount="2" falsecount="1"/>
        <line num="31" count="78" type="stmt"/>
        <line num="32" count="78" type="stmt"/>
        <line num="33" count="131" type="stmt"/>
        <line num="35" count="17" type="stmt"/>
        <line num="36" count="17" type="stmt"/>
        <line num="43" count="53" type="cond" truecount="1" falsecount="0"/>
        <line num="44" count="53" type="stmt"/>
        <line num="45" count="53" type="stmt"/>
        <line num="47" count="53" type="cond" truecount="1" falsecount="0"/>
        <line num="48" count="4256" type="stmt"/>
        <line num="51" count="4256" type="stmt"/>
        <line num="52" count="4256" type="stmt"/>
        <line num="53" count="4256" type="stmt"/>
        <line num="54" count="4256" type="cond" truecount="1" falsecount="0"/>
        <line num="55" count="14" type="stmt"/>
        <line num="56" count="14" type="stmt"/>
        <line num="57" count="14" type="stmt"/>
        <line num="58" count="14" type="stmt"/>
        <line num="59" count="14" type="stmt"/>
        <line num="60" count="14" type="cond" truecount="1" falsecount="0"/>
        <line num="63" count="4242" type="stmt"/>
        <line num="64" count="4256" type="cond" truecount="1" falsecount="0"/>
        <line num="65" count="29" type="stmt"/>
        <line num="66" count="29" type="stmt"/>
        <line num="67" count="29" type="stmt"/>
        <line num="68" count="29" type="cond" truecount="1" falsecount="0"/>
        <line num="69" count="25" type="stmt"/>
        <line num="70" count="25" type="stmt"/>
        <line num="71" count="25" type="stmt"/>
        <line num="72" count="25" type="stmt"/>
        <line num="73" count="25" type="stmt"/>
        <line num="74" count="29" type="stmt"/>
        <line num="75" count="29" type="cond" truecount="1" falsecount="0"/>
        <line num="78" count="4213" type="stmt"/>
        <line num="79" count="4213" type="stmt"/>
        <line num="80" count="4213" type="stmt"/>
        <line num="81" count="4256" type="cond" truecount="2" falsecount="0"/>
        <line num="82" count="9" type="stmt"/>
        <line num="83" count="9" type="stmt"/>
        <line num="84" count="9" type="stmt"/>
        <line num="85" count="9" type="cond" truecount="1" falsecount="0"/>
        <line num="88" count="4204" type="stmt"/>
        <line num="89" count="4204" type="stmt"/>
        <line num="90" count="4204" type="stmt"/>
        <line num="91" count="4256" type="cond" truecount="0" falsecount="1"/>
        <line num="92" count="0" type="stmt"/>
        <line num="93" count="0" type="stmt"/>
        <line num="94" count="0" type="stmt"/>
        <line num="95" count="0" type="stmt"/>
        <line num="96" count="0" type="stmt"/>
        <line num="97" count="4256" type="stmt"/>
        <line num="99" count="53" type="stmt"/>
        <line num="100" count="53" type="stmt"/>
        <line num="107" count="78" type="cond" truecount="1" falsecount="0"/>
        <line num="108" count="78" type="stmt"/>
        <line num="109" count="78" type="stmt"/>
        <line num="110" count="78" type="stmt"/>
        <line num="111" count="78" type="stmt"/>
        <line num="112" count="78" type="stmt"/>
        <line num="114" count="78" type="cond" truecount="1" falsecount="0"/>
        <line num="115" count="10325" type="stmt"/>
        <line num="118" count="10325" type="stmt"/>
        <line num="119" count="10325" type="stmt"/>
        <line num="120" count="10325" type="stmt"/>
        <line num="121" count="10325" type="cond" truecount="1" falsecount="0"/>
        <line num="122" count="18" type="stmt"/>
        <line num="123" count="18" type="stmt"/>
        <line num="124" count="18" type="stmt"/>
        <line num="125" count="18" type="stmt"/>
        <line num="126" count="18" type="cond" truecount="1" falsecount="0"/>
        <line num="129" count="10307" type="stmt"/>
        <line num="130" count="10307" type="stmt"/>
        <line num="131" count="10307" type="stmt"/>
        <line num="132" count="10325" type="cond" truecount="2" falsecount="0"/>
        <line num="133" count="10" type="stmt"/>
        <line num="134" count="10" type="stmt"/>
        <line num="135" count="10" type="stmt"/>
        <line num="136" count="10" type="stmt"/>
        <line num="137" count="10" type="stmt"/>
        <line num="138" count="10" type="cond" truecount="1" falsecount="0"/>
        <line num="141" count="10297" type="stmt"/>
        <line num="142" count="10297" type="stmt"/>
        <line num="143" count="10297" type="stmt"/>
        <line num="144" count="10325" type="cond" truecount="1" falsecount="0"/>
        <line num="145" count="114" type="stmt"/>
        <line num="146" count="114" type="stmt"/>
        <line num="147" count="114" type="stmt"/>
        <line num="148" count="114" type="stmt"/>
        <line num="149" count="114" type="cond" truecount="1" falsecount="0"/>
        <line num="150" count="25" type="stmt"/>
        <line num="151" count="25" type="stmt"/>
        <line num="152" count="25" type="stmt"/>
        <line num="153" count="25" type="stmt"/>
        <line num="154" count="114" type="stmt"/>
        <line num="155" count="10325" type="stmt"/>
        <line num="158" count="78" type="stmt"/>
        <line num="159" count="78" type="cond" truecount="1" falsecount="0"/>
        <line num="160" count="53" type="stmt"/>
        <line num="161" count="53" type="cond" truecount="2" falsecount="0"/>
        <line num="162" count="49" type="stmt"/>
        <line num="163" count="49" type="stmt"/>
        <line num="164" count="78" type="stmt"/>
        <line num="165" count="78" type="stmt"/>
        <line num="167" count="101" type="cond" truecount="1" falsecount="0"/>
        <line num="168" count="101" type="stmt"/>
        <line num="169" count="101" type="stmt"/>
        <line num="170" count="101" type="stmt"/>
        <line num="171" count="101" type="stmt"/>
        <line num="172" count="101" type="stmt"/>
        <line num="173" count="101" type="stmt"/>
        <line num="174" count="101" type="stmt"/>
        <line num="175" count="101" type="stmt"/>
        <line num="177" count="101" type="stmt"/>
        <line num="178" count="101" type="cond" truecount="1" falsecount="0"/>
        <line num="179" count="101" type="stmt"/>
        <line num="180" count="101" type="stmt"/>
        <line num="181" count="101" type="cond" truecount="1" falsecount="0"/>
        <line num="182" count="101" type="stmt"/>
        <line num="184" count="101" type="stmt"/>
        <line num="185" count="101" type="cond" truecount="2" falsecount="0"/>
        <line num="186" count="42" type="stmt"/>
        <line num="187" count="101" type="cond" truecount="3" falsecount="0"/>
        <line num="188" count="39" type="stmt"/>
        <line num="189" count="59" type="cond" truecount="1" falsecount="1"/>
        <line num="190" count="0" type="stmt"/>
        <line num="191" count="20" type="cond" truecount="1" falsecount="0"/>
        <line num="192" count="11" type="stmt"/>
        <line num="193" count="11" type="stmt"/>
        <line num="195" count="101" type="stmt"/>
        <line num="196" count="101" type="stmt"/>
        <line num="197" count="101" type="stmt"/>
        <line num="198" count="101" type="stmt"/>
        <line num="199" count="101" type="stmt"/>
        <line num="200" count="101" type="stmt"/>
        <line num="201" count="101" type="stmt"/>
        <line num="202" count="101" type="stmt"/>
        <line num="203" count="101" type="stmt"/>
        <line num="205" count="39" type="cond" truecount="1" falsecount="0"/>
        <line num="206" count="39" type="stmt"/>
        <line num="207" count="39" type="stmt"/>
        <line num="208" count="39" type="stmt"/>
        <line num="210" count="39" type="cond" truecount="1" falsecount="0"/>
        <line num="211" count="53" type="stmt"/>
        <line num="212" count="53" type="cond" truecount="2" falsecount="0"/>
        <line num="214" count="53" type="cond" truecount="0" falsecount="1"/>
        <line num="216" count="0" type="stmt"/>
        <line num="217" count="0" type="stmt"/>
        <line num="218" count="0" type="stmt"/>
        <line num="219" count="0" type="stmt"/>
        <line num="220" count="53" type="cond" truecount="0" falsecount="1"/>
        <line num="221" count="0" type="stmt"/>
        <line num="222" count="0" type="stmt"/>
        <line num="224" count="19" type="cond" truecount="1" falsecount="0"/>
        <line num="225" count="19" type="stmt"/>
        <line num="226" count="19" type="stmt"/>
        <line num="227" count="19" type="stmt"/>
        <line num="229" count="19" type="stmt"/>
        <line num="230" count="19" type="stmt"/>
        <line num="231" count="19" type="stmt"/>
        <line num="232" count="19" type="stmt"/>
        <line num="233" count="19" type="stmt"/>
        <line num="234" count="19" type="cond" truecount="2" falsecount="0"/>
        <line num="235" count="19" type="stmt"/>
        <line num="237" count="161" type="cond" truecount="1" falsecount="0"/>
        <line num="238" count="161" type="cond" truecount="2" falsecount="0"/>
        <line num="239" count="157" type="stmt"/>
        <line num="241" count="157" type="stmt"/>
        <line num="242" count="157" type="stmt"/>
        <line num="243" count="157" type="stmt"/>
        <line num="244" count="157" type="stmt"/>
        <line num="246" count="161" type="cond" truecount="1" falsecount="0"/>
        <line num="247" count="488" type="cond" truecount="3" falsecount="0"/>
        <line num="248" count="469" type="cond" truecount="2" falsecount="0"/>
        <line num="250" count="462" type="stmt"/>
        <line num="251" count="462" type="stmt"/>
        <line num="252" count="462" type="cond" truecount="1" falsecount="1"/>
        <line num="254" count="488" type="cond" truecount="1" falsecount="0"/>
        <line num="255" count="144" type="stmt"/>
        <line num="256" count="488" type="cond" truecount="1" falsecount="0"/>
        <line num="257" count="318" type="stmt"/>
        <line num="258" count="318" type="cond" truecount="1" falsecount="0"/>
        <line num="259" count="131" type="stmt"/>
        <line num="260" count="131" type="stmt"/>
        <line num="261" count="318" type="stmt"/>
        <line num="262" count="488" type="cond" truecount="1" falsecount="0"/>
        <line num="264" count="157" type="stmt"/>
        <line num="265" count="157" type="stmt"/>
      </file>
      <file name="gaps.ts" path="/Users/brianfending/Documents/source/ordovera/ordovera-plugins/packages/cc-mcp-audit/src/gaps.ts">
        <metrics statements="117" coveredstatements="117" conditionals="32" coveredconditionals="32" methods="1" coveredmethods="1"/>
        <line num="1" count="1" type="stmt"/>
        <line num="8" count="1" type="stmt"/>
        <line num="9" count="1" type="stmt"/>
        <line num="10" count="1" type="stmt"/>
        <line num="15" count="1" type="cond" truecount="1" falsecount="0"/>
        <line num="16" count="27" type="stmt"/>
        <line num="17" count="27" type="stmt"/>
        <line num="18" count="27" type="stmt"/>
        <line num="19" count="27" type="stmt"/>
        <line num="20" count="27" type="stmt"/>
        <line num="22" count="27" type="cond" truecount="1" falsecount="0"/>
        <line num="25" count="27" type="stmt"/>
        <line num="26" count="27" type="cond" truecount="1" falsecount="0"/>
        <line num="27" count="27" type="cond" truecount="1" falsecount="0"/>
        <line num="28" count="27" type="stmt"/>
        <line num="29" count="27" type="cond" truecount="1" falsecount="0"/>
        <line num="30" count="27" type="stmt"/>
        <line num="34" count="27" type="cond" truecount="1" falsecount="0"/>
        <line num="35" count="27" type="cond" truecount="1" falsecount="0"/>
        <line num="36" count="12" type="stmt"/>
        <line num="37" count="12" type="stmt"/>
        <line num="38" count="12" type="stmt"/>
        <line num="39" count="12" type="cond" truecount="1" falsecount="0"/>
        <line num="40" count="26" type="stmt"/>
        <line num="41" count="26" type="stmt"/>
        <line num="42" count="26" type="stmt"/>
        <line num="43" count="12" type="stmt"/>
        <line num="44" count="12" type="stmt"/>
        <line num="45" count="12" type="stmt"/>
        <line num="48" count="12" type="stmt"/>
        <line num="49" count="12" type="stmt"/>
        <line num="54" count="27" type="stmt"/>
        <line num="55" count="27" type="cond" truecount="1" falsecount="0"/>
        <line num="56" count="10" type="cond" truecount="1" falsecount="0"/>
        <line num="57" count="7" type="cond" truecount="1" falsecount="0"/>
        <line num="58" count="27" type="cond" truecount="1" falsecount="0"/>
        <line num="59" count="6" type="stmt"/>
        <line num="60" count="6" type="stmt"/>
        <line num="61" count="6" type="stmt"/>
        <line num="62" count="6" type="cond" truecount="1" falsecount="0"/>
        <line num="63" count="11" type="stmt"/>
        <line num="64" count="11" type="stmt"/>
        <line num="65" count="11" type="stmt"/>
        <line num="66" count="6" type="stmt"/>
        <line num="67" count="6" type="stmt"/>
        <line num="68" count="6" type="stmt"/>
        <line num="71" count="6" type="stmt"/>
        <line num="72" count="6" type="cond" truecount="1" falsecount="0"/>
        <line num="73" count="21" type="cond" truecount="1" falsecount="0"/>
        <line num="74" count="2" type="cond" truecount="1" falsecount="0"/>
        <line num="75" count="2" type="cond" truecount="1" falsecount="0"/>
        <line num="76" count="21" type="cond" truecount="1" falsecount="0"/>
        <line num="77" count="2" type="stmt"/>
        <line num="78" count="2" type="stmt"/>
        <line num="79" count="2" type="stmt"/>
        <line num="80" count="2" type="cond" truecount="1" falsecount="0"/>
        <line num="81" count="15" type="stmt"/>
        <line num="82" count="15" type="stmt"/>
        <line num="83" count="15" type="stmt"/>
        <line num="84" count="2" type="stmt"/>
        <line num="85" count="2" type="stmt"/>
        <line num="86" count="2" type="stmt"/>
        <line num="89" count="2" type="stmt"/>
        <line num="90" count="2" type="stmt"/>
        <line num="94" count="27" type="stmt"/>
        <line num="95" count="27" type="cond" truecount="1" falsecount="0"/>
        <line num="96" count="13" type="cond" truecount="1" falsecount="0"/>
        <line num="97" count="9" type="stmt"/>
        <line num="98" count="27" type="cond" truecount="1" falsecount="0"/>
        <line num="99" count="1" type="stmt"/>
        <line num="100" count="1" type="stmt"/>
        <line num="101" count="1" type="stmt"/>
        <line num="102" count="1" type="cond" truecount="1" falsecount="0"/>
        <line num="103" count="1" type="stmt"/>
        <line num="104" count="1" type="stmt"/>
        <line num="105" count="1" type="stmt"/>
        <line num="106" count="1" type="stmt"/>
        <line num="107" count="1" type="stmt"/>
        <line num="110" count="1" type="stmt"/>
        <line num="111" count="1" type="stmt"/>
        <line num="115" count="27" type="stmt"/>
        <line num="116" count="27" type="cond" truecount="1" falsecount="0"/>
        <line num="117" count="16" type="cond" truecount="1" falsecount="0"/>
        <line num="118" count="8" type="stmt"/>
        <line num="119" count="27" type="cond" truecount="1" falsecount="0"/>
        <line num="120" count="7" type="stmt"/>
        <line num="121" count="7" type="stmt"/>
        <line num="122" count="7" type="stmt"/>
        <line num="123" count="7" type="cond" truecount="1" falsecount="0"/>
        <line num="124" count="7" type="stmt"/>
        <line num="125" count="7" type="stmt"/>
        <line num="126" count="7" type="stmt"/>
        <line num="127" count="7" type="stmt"/>
        <line num="128" count="7" type="stmt"/>
        <line num="130" count="7" type="stmt"/>
        <line num="131" count="7" type="stmt"/>
        <line num="135" count="27" type="cond" truecount="1" falsecount="0"/>
        <line num="136" count="46" type="stmt"/>
        <line num="137" count="46" type="cond" truecount="1" falsecount="0"/>
        <line num="138" count="46" type="stmt"/>
        <line num="139" count="46" type="cond" truecount="1" falsecount="0"/>
        <line num="140" count="27" type="stmt"/>
        <line num="141" count="27" type="cond" truecount="1" falsecount="0"/>
        <line num="142" count="8" type="stmt"/>
        <line num="143" count="8" type="stmt"/>
        <line num="144" count="8" type="stmt"/>
        <line num="145" count="8" type="cond" truecount="1" falsecount="0"/>
        <line num="146" count="10" type="stmt"/>
        <line num="147" count="10" type="stmt"/>
        <line num="148" count="10" type="stmt"/>
        <line num="149" count="8" type="stmt"/>
        <line num="150" count="8" type="stmt"/>
        <line num="151" count="8" type="stmt"/>
        <line num="153" count="8" type="stmt"/>
        <line num="154" count="8" type="stmt"/>
        <line num="156" count="27" type="stmt"/>
        <line num="157" count="27" type="stmt"/>
      </file>
      <file name="index.ts" path="/Users/brianfending/Documents/source/ordovera/ordovera-plugins/packages/cc-mcp-audit/src/index.ts">
        <metrics statements="1" coveredstatements="0" conditionals="1" coveredconditionals="0" methods="1" coveredmethods="0"/>
        <line num="1" count="0" type="cond" truecount="0" falsecount="1"/>
      </file>
      <file name="indicators.ts" path="/Users/brianfending/Documents/source/ordovera/ordovera-plugins/packages/cc-mcp-audit/src/indicators.ts">
        <metrics statements="132" coveredstatements="130" conditionals="99" coveredconditionals="98" methods="10" coveredmethods="10"/>
        <line num="16" count="1" type="cond" truecount="1" falsecount="0"/>
        <line num="17" count="52" type="cond" truecount="1" falsecount="0"/>
        <line num="18" count="27" type="cond" truecount="1" falsecount="0"/>
        <line num="20" count="52" type="stmt"/>
        <line num="21" count="52" type="stmt"/>
        <line num="22" count="52" type="stmt"/>
        <line num="23" count="52" type="stmt"/>
        <line num="24" count="52" type="stmt"/>
        <line num="25" count="52" type="stmt"/>
        <line num="26" count="52" type="stmt"/>
        <line num="27" count="52" type="stmt"/>
        <line num="28" count="52" type="stmt"/>
        <line num="29" count="52" type="stmt"/>
        <line num="30" count="52" type="stmt"/>
        <line num="31" count="52" type="stmt"/>
        <line num="32" count="52" type="stmt"/>
        <line num="33" count="52" type="stmt"/>
        <line num="37" count="52" type="stmt"/>
        <line num="38" count="52" type="stmt"/>
        <line num="39" count="52" type="stmt"/>
        <line num="40" count="52" type="stmt"/>
        <line num="41" count="52" type="stmt"/>
        <line num="43" count="156" type="cond" truecount="1" falsecount="0"/>
        <line num="44" count="156" type="cond" truecount="2" falsecount="0"/>
        <line num="45" count="156" type="stmt"/>
        <line num="47" count="52" type="cond" truecount="1" falsecount="0"/>
        <line num="48" count="52" type="stmt"/>
        <line num="49" count="52" type="stmt"/>
        <line num="50" count="52" type="stmt"/>
        <line num="51" count="52" type="cond" truecount="3" falsecount="0"/>
        <line num="54" count="52" type="cond" truecount="2" falsecount="0"/>
        <line num="55" count="34" type="stmt"/>
        <line num="56" count="34" type="stmt"/>
        <line num="58" count="52" type="cond" truecount="1" falsecount="0"/>
        <line num="59" count="52" type="stmt"/>
        <line num="60" count="52" type="stmt"/>
        <line num="61" count="52" type="stmt"/>
        <line num="62" count="52" type="cond" truecount="3" falsecount="0"/>
        <line num="63" count="52" type="cond" truecount="2" falsecount="0"/>
        <line num="65" count="52" type="cond" truecount="2" falsecount="0"/>
        <line num="66" count="2" type="stmt"/>
        <line num="67" count="2" type="cond" truecount="1" falsecount="0"/>
        <line num="69" count="8" type="stmt"/>
        <line num="70" count="8" type="stmt"/>
        <line num="72" count="52" type="cond" truecount="1" falsecount="0"/>
        <line num="73" count="52" type="stmt"/>
        <line num="74" count="52" type="stmt"/>
        <line num="75" count="52" type="stmt"/>
        <line num="76" count="52" type="cond" truecount="2" falsecount="0"/>
        <line num="77" count="52" type="cond" truecount="2" falsecount="0"/>
        <line num="79" count="25" type="cond" truecount="1" falsecount="0"/>
        <line num="80" count="25" type="cond" truecount="1" falsecount="0"/>
        <line num="81" count="25" type="cond" truecount="1" falsecount="0"/>
        <line num="84" count="52" type="cond" truecount="3" falsecount="0"/>
        <line num="86" count="52" type="cond" truecount="4" falsecount="0"/>
        <line num="88" count="3" type="cond" truecount="0" falsecount="1"/>
        <line num="89" count="0" type="stmt"/>
        <line num="90" count="0" type="stmt"/>
        <line num="92" count="52" type="cond" truecount="1" falsecount="0"/>
        <line num="93" count="52" type="stmt"/>
        <line num="94" count="52" type="stmt"/>
        <line num="95" count="52" type="stmt"/>
        <line num="96" count="52" type="cond" truecount="2" falsecount="0"/>
        <line num="99" count="52" type="cond" truecount="2" falsecount="0"/>
        <line num="100" count="52" type="cond" truecount="2" falsecount="0"/>
        <line num="101" count="12" type="stmt"/>
        <line num="102" count="12" type="stmt"/>
        <line num="104" count="52" type="cond" truecount="1" falsecount="0"/>
        <line num="105" count="52" type="stmt"/>
        <line num="106" count="52" type="stmt"/>
        <line num="107" count="52" type="stmt"/>
        <line num="108" count="52" type="cond" truecount="3" falsecount="0"/>
        <line num="111" count="52" type="cond" truecount="2" falsecount="0"/>
        <line num="112" count="52" type="cond" truecount="2" falsecount="0"/>
        <line num="113" count="7" type="stmt"/>
        <line num="114" count="7" type="stmt"/>
        <line num="116" count="52" type="cond" truecount="1" falsecount="0"/>
        <line num="117" count="52" type="cond" truecount="2" falsecount="0"/>
        <line num="118" count="52" type="cond" truecount="3" falsecount="0"/>
        <line num="122" count="52" type="cond" truecount="2" falsecount="0"/>
        <line num="123" count="6" type="stmt"/>
        <line num="124" count="6" type="stmt"/>
        <line num="140" count="52" type="cond" truecount="1" falsecount="0"/>
        <line num="141" count="52" type="stmt"/>
        <line num="142" count="52" type="stmt"/>
        <line num="143" count="52" type="stmt"/>
        <line num="144" count="52" type="cond" truecount="2" falsecount="0"/>
        <line num="145" count="52" type="cond" truecount="2" falsecount="0"/>
        <line num="147" count="25" type="cond" truecount="1" falsecount="0"/>
        <line num="148" count="25" type="cond" truecount="1" falsecount="0"/>
        <line num="152" count="52" type="cond" truecount="2" falsecount="0"/>
        <line num="155" count="21" type="stmt"/>
        <line num="156" count="52" type="cond" truecount="3" falsecount="0"/>
        <line num="157" count="11" type="stmt"/>
        <line num="158" count="11" type="cond" truecount="1" falsecount="0"/>
        <line num="161" count="10" type="cond" truecount="1" falsecount="0"/>
        <line num="162" count="10" type="cond" truecount="1" falsecount="0"/>
        <line num="163" count="10" type="cond" truecount="1" falsecount="0"/>
        <line num="164" count="10" type="stmt"/>
        <line num="165" count="52" type="cond" truecount="2" falsecount="0"/>
        <line num="170" count="52" type="stmt"/>
        <line num="171" count="52" type="cond" truecount="2" falsecount="0"/>
        <line num="172" count="52" type="stmt"/>
        <line num="173" count="52" type="stmt"/>
        <line num="174" count="52" type="cond" truecount="2" falsecount="0"/>
        <line num="175" count="52" type="stmt"/>
        <line num="176" count="52" type="cond" truecount="1" falsecount="0"/>
        <line num="177" count="52" type="stmt"/>
        <line num="178" count="52" type="cond" truecount="1" falsecount="0"/>
        <line num="179" count="4" type="cond" truecount="1" falsecount="0"/>
        <line num="180" count="4" type="stmt"/>
        <line num="182" count="52" type="cond" truecount="4" falsecount="0"/>
        <line num="185" count="52" type="cond" truecount="3" falsecount="0"/>
        <line num="186" count="5" type="stmt"/>
        <line num="187" count="5" type="cond" truecount="1" falsecount="0"/>
        <line num="190" count="1" type="stmt"/>
        <line num="191" count="1" type="stmt"/>
        <line num="193" count="82" type="cond" truecount="1" falsecount="0"/>
        <line num="196" count="82" type="stmt"/>
        <line num="197" count="82" type="cond" truecount="2" falsecount="0"/>
        <line num="201" count="76" type="stmt"/>
        <line num="202" count="82" type="cond" truecount="1" falsecount="0"/>
        <line num="203" count="75" type="stmt"/>
        <line num="205" count="75" type="stmt"/>
        <line num="206" count="75" type="stmt"/>
        <line num="207" count="75" type="stmt"/>
        <line num="208" count="75" type="stmt"/>
        <line num="209" count="75" type="stmt"/>
        <line num="210" count="75" type="cond" truecount="1" falsecount="0"/>
        <line num="211" count="75" type="cond" truecount="1" falsecount="0"/>
        <line num="213" count="61" type="stmt"/>
        <line num="214" count="61" type="stmt"/>
      </file>
      <file name="patterns.ts" path="/Users/brianfending/Documents/source/ordovera/ordovera-plugins/packages/cc-mcp-audit/src/patterns.ts">
        <metrics statements="224" coveredstatements="224" conditionals="64" coveredconditionals="62" methods="6" coveredmethods="6"/>
        <line num="1" count="1" type="stmt"/>
        <line num="10" count="1" type="stmt"/>
        <line num="11" count="1" type="stmt"/>
        <line num="12" count="1" type="stmt"/>
        <line num="13" count="1" type="stmt"/>
        <line num="14" count="1" type="stmt"/>
        <line num="15" count="1" type="stmt"/>
        <line num="16" count="1" type="stmt"/>
        <line num="17" count="1" type="stmt"/>
        <line num="18" count="1" type="stmt"/>
        <line num="19" count="1" type="stmt"/>
        <line num="20" count="1" type="stmt"/>
        <line num="21" count="1" type="stmt"/>
        <line num="22" count="1" type="stmt"/>
        <line num="24" count="1" type="stmt"/>
        <line num="25" count="1" type="stmt"/>
        <line num="26" count="1" type="stmt"/>
        <line num="27" count="1" type="stmt"/>
        <line num="28" count="1" type="stmt"/>
        <line num="29" count="1" type="stmt"/>
        <line num="30" count="1" type="stmt"/>
        <line num="31" count="1" type="stmt"/>
        <line num="32" count="1" type="stmt"/>
        <line num="33" count="1" type="stmt"/>
        <line num="39" count="1" type="stmt"/>
        <line num="40" count="1" type="stmt"/>
        <line num="41" count="1" type="stmt"/>
        <line num="42" count="1" type="stmt"/>
        <line num="49" count="1" type="stmt"/>
        <line num="50" count="1" type="stmt"/>
        <line num="51" count="1" type="stmt"/>
        <line num="52" count="1" type="stmt"/>
        <line num="53" count="1" type="stmt"/>
        <line num="54" count="1" type="stmt"/>
        <line num="55" count="1" type="stmt"/>
        <line num="56" count="1" type="stmt"/>
        <line num="57" count="1" type="stmt"/>
        <line num="58" count="1" type="stmt"/>
        <line num="59" count="1" type="stmt"/>
        <line num="60" count="1" type="stmt"/>
        <line num="62" count="1" type="stmt"/>
        <line num="63" count="1" type="stmt"/>
        <line num="64" count="1" type="stmt"/>
        <line num="65" count="1" type="stmt"/>
        <line num="66" count="1" type="stmt"/>
        <line num="67" count="1" type="stmt"/>
        <line num="68" count="1" type="stmt"/>
        <line num="69" count="1" type="stmt"/>
        <line num="70" count="1" type="stmt"/>
        <line num="71" count="1" type="stmt"/>
        <line num="72" count="1" type="stmt"/>
        <line num="74" count="1" type="stmt"/>
        <line num="76" count="1" type="stmt"/>
        <line num="77" count="1" type="stmt"/>
        <line num="78" count="1" type="stmt"/>
        <line num="79" count="1" type="stmt"/>
        <line num="81" count="1" type="stmt"/>
        <line num="82" count="1" type="stmt"/>
        <line num="83" count="1" type="stmt"/>
        <line num="84" count="1" type="stmt"/>
        <line num="86" count="1" type="stmt"/>
        <line num="87" count="1" type="stmt"/>
        <line num="88" count="1" type="stmt"/>
        <line num="90" count="1" type="stmt"/>
        <line num="91" count="1" type="stmt"/>
        <line num="93" count="1" type="stmt"/>
        <line num="94" count="1" type="stmt"/>
        <line num="95" count="1" type="stmt"/>
        <line num="96" count="1" type="stmt"/>
        <line num="97" count="1" type="stmt"/>
        <line num="98" count="1" type="stmt"/>
        <line num="99" count="1" type="stmt"/>
        <line num="100" count="1" type="stmt"/>
        <line num="102" count="1" type="stmt"/>
        <line num="103" count="1" type="stmt"/>
        <line num="104" count="1" type="stmt"/>
        <line num="105" count="1" type="stmt"/>
        <line num="106" count="1" type="stmt"/>
        <line num="107" count="1" type="stmt"/>
        <line num="108" count="1" type="stmt"/>
        <line num="109" count="1" type="stmt"/>
        <line num="110" count="1" type="stmt"/>
        <line num="111" count="1" type="stmt"/>
        <line num="112" count="1" type="stmt"/>
        <line num="113" count="1" type="stmt"/>
        <line num="115" count="1" type="stmt"/>
        <line num="117" count="1" type="stmt"/>
        <line num="118" count="1" type="stmt"/>
        <line num="119" count="1" type="stmt"/>
        <line num="120" count="1" type="stmt"/>
        <line num="121" count="1" type="stmt"/>
        <line num="123" count="1" type="stmt"/>
        <line num="124" count="1" type="stmt"/>
        <line num="125" count="1" type="stmt"/>
        <line num="126" count="1" type="stmt"/>
        <line num="127" count="1" type="stmt"/>
        <line num="142" count="1" type="cond" truecount="1" falsecount="0"/>
        <line num="143" count="23" type="stmt"/>
        <line num="144" count="23" type="stmt"/>
        <line num="146" count="23" type="cond" truecount="1" falsecount="0"/>
        <line num="147" count="209" type="stmt"/>
        <line num="148" count="209" type="stmt"/>
        <line num="149" count="209" type="stmt"/>
        <line num="151" count="209" type="cond" truecount="1" falsecount="0"/>
        <line num="152" count="22805" type="stmt"/>
        <line num="154" count="22805" type="stmt"/>
        <line num="155" count="22805" type="cond" truecount="3" falsecount="0"/>
        <line num="156" count="22267" type="cond" truecount="2" falsecount="0"/>
        <line num="158" count="22805" type="cond" truecount="1" falsecount="0"/>
        <line num="159" count="128394" type="cond" truecount="1" falsecount="0"/>
        <line num="160" count="1109080" type="stmt"/>
        <line num="161" count="1109080" type="cond" truecount="1" falsecount="0"/>
        <line num="162" count="668" type="stmt"/>
        <line num="163" count="668" type="stmt"/>
        <line num="164" count="668" type="stmt"/>
        <line num="165" count="668" type="stmt"/>
        <line num="166" count="668" type="stmt"/>
        <line num="167" count="668" type="cond" truecount="0" falsecount="1"/>
        <line num="168" count="668" type="stmt"/>
        <line num="169" count="668" type="stmt"/>
        <line num="170" count="668" type="stmt"/>
        <line num="171" count="668" type="stmt"/>
        <line num="172" count="668" type="stmt"/>
        <line num="173" count="668" type="stmt"/>
        <line num="174" count="668" type="stmt"/>
        <line num="175" count="668" type="stmt"/>
        <line num="176" count="1109080" type="stmt"/>
        <line num="177" count="128394" type="cond" truecount="1" falsecount="0"/>
        <line num="180" count="22805" type="cond" truecount="1" falsecount="0"/>
        <line num="181" count="213337" type="stmt"/>
        <line num="182" count="213337" type="cond" truecount="1" falsecount="0"/>
        <line num="183" count="89" type="stmt"/>
        <line num="184" count="89" type="stmt"/>
        <line num="185" count="89" type="stmt"/>
        <line num="186" count="89" type="stmt"/>
        <line num="187" count="89" type="stmt"/>
        <line num="188" count="89" type="stmt"/>
        <line num="189" count="89" type="stmt"/>
        <line num="190" count="89" type="stmt"/>
        <line num="191" count="213337" type="cond" truecount="1" falsecount="0"/>
        <line num="192" count="21399" type="stmt"/>
        <line num="193" count="209" type="stmt"/>
        <line num="195" count="23" type="stmt"/>
        <line num="196" count="23" type="stmt"/>
        <line num="203" count="1" type="cond" truecount="1" falsecount="0"/>
        <line num="204" count="41" type="stmt"/>
        <line num="205" count="41" type="stmt"/>
        <line num="206" count="41" type="cond" truecount="2" falsecount="0"/>
        <line num="207" count="26" type="stmt"/>
        <line num="208" count="26" type="cond" truecount="2" falsecount="0"/>
        <line num="211" count="15" type="stmt"/>
        <line num="212" count="31" type="cond" truecount="1" falsecount="0"/>
        <line num="213" count="169" type="cond" truecount="1" falsecount="0"/>
        <line num="214" count="169" type="stmt"/>
        <line num="215" count="169" type="stmt"/>
        <line num="216" count="169" type="cond" truecount="1" falsecount="0"/>
        <line num="219" count="15" type="stmt"/>
        <line num="220" count="31" type="cond" truecount="1" falsecount="0"/>
        <line num="221" count="17" type="stmt"/>
        <line num="222" count="17" type="cond" truecount="2" falsecount="0"/>
        <line num="223" count="16" type="cond" truecount="1" falsecount="0"/>
        <line num="224" count="26" type="cond" truecount="1" falsecount="0"/>
        <line num="225" count="14" type="stmt"/>
        <line num="226" count="14" type="stmt"/>
        <line num="227" count="26" type="cond" truecount="1" falsecount="0"/>
        <line num="228" count="2" type="cond" truecount="1" falsecount="0"/>
        <line num="230" count="1" type="stmt"/>
        <line num="231" count="1" type="stmt"/>
        <line num="237" count="1" type="cond" truecount="1" falsecount="0"/>
        <line num="238" count="5" type="stmt"/>
        <line num="239" count="5" type="stmt"/>
        <line num="241" count="5" type="stmt"/>
        <line num="242" count="5" type="stmt"/>
        <line num="243" count="5" type="stmt"/>
        <line num="245" count="5" type="cond" truecount="1" falsecount="0"/>
        <line num="246" count="26" type="cond" truecount="1" falsecount="0"/>
        <line num="247" count="3" type="stmt"/>
        <line num="248" count="3" type="stmt"/>
        <line num="249" count="3" type="stmt"/>
        <line num="250" count="3" type="stmt"/>
        <line num="251" count="26" type="stmt"/>
        <line num="252" count="5" type="stmt"/>
        <line num="254" count="5" type="stmt"/>
        <line num="255" count="5" type="stmt"/>
        <line num="261" count="22267" type="cond" truecount="1" falsecount="0"/>
        <line num="263" count="22267" type="cond" truecount="3" falsecount="0"/>
        <line num="265" count="22267" type="cond" truecount="2" falsecount="0"/>
        <line num="266" count="21399" type="stmt"/>
        <line num="267" count="21399" type="stmt"/>
        <line num="275" count="1" type="cond" truecount="1" falsecount="0"/>
        <line num="276" count="18" type="stmt"/>
        <line num="277" count="18" type="stmt"/>
        <line num="278" count="18" type="stmt"/>
        <line num="279" count="18" type="cond" truecount="3" falsecount="0"/>
        <line num="281" count="10" type="cond" truecount="1" falsecount="0"/>
        <line num="282" count="10" type="cond" truecount="1" falsecount="0"/>
        <line num="284" count="18" type="cond" truecount="2" falsecount="0"/>
        <line num="285" count="18" type="cond" truecount="1" falsecount="0"/>
        <line num="286" count="2" type="stmt"/>
        <line num="287" count="2" type="stmt"/>
        <line num="289" count="173" type="cond" truecount="1" falsecount="0"/>
        <line num="290" count="173" type="cond" truecount="2" falsecount="0"/>
        <line num="291" count="169" type="stmt"/>
        <line num="292" count="169" type="stmt"/>
        <line num="293" count="169" type="stmt"/>
        <line num="294" count="169" type="stmt"/>
        <line num="295" count="169" type="stmt"/>
        <line num="297" count="173" type="cond" truecount="1" falsecount="0"/>
        <line num="298" count="502" type="cond" truecount="3" falsecount="0"/>
        <line num="299" count="483" type="cond" truecount="2" falsecount="0"/>
        <line num="301" count="476" type="stmt"/>
        <line num="302" count="476" type="stmt"/>
        <line num="303" count="476" type="cond" truecount="1" falsecount="1"/>
        <line num="305" count="502" type="cond" truecount="1" falsecount="0"/>
        <line num="306" count="145" type="stmt"/>
        <line num="307" count="502" type="cond" truecount="1" falsecount="0"/>
        <line num="308" count="331" type="stmt"/>
        <line num="309" count="331" type="cond" truecount="1" falsecount="0"/>
        <line num="310" count="214" type="stmt"/>
        <line num="311" count="214" type="stmt"/>
        <line num="312" count="331" type="stmt"/>
        <line num="313" count="502" type="cond" truecount="1" falsecount="0"/>
        <line num="315" count="169" type="stmt"/>
        <line num="316" count="169" type="stmt"/>
      </file>
      <file name="report.ts" path="/Users/brianfending/Documents/source/ordovera/ordovera-plugins/packages/cc-mcp-audit/src/report.ts">
        <metrics statements="315" coveredstatements="242" conditionals="37" coveredconditionals="23" methods="7" coveredmethods="5"/>
        <line num="11" count="1" type="cond" truecount="1" falsecount="0"/>
        <line num="12" count="24" type="stmt"/>
        <line num="13" count="24" type="stmt"/>
        <line num="14" count="24" type="stmt"/>
        <line num="15" count="24" type="stmt"/>
        <line num="16" count="24" type="stmt"/>
        <line num="17" count="24" type="stmt"/>
        <line num="18" count="24" type="stmt"/>
        <line num="19" count="24" type="stmt"/>
        <line num="20" count="24" type="stmt"/>
        <line num="21" count="24" type="cond" truecount="1" falsecount="0"/>
        <line num="22" count="24" type="stmt"/>
        <line num="24" count="24" type="stmt"/>
        <line num="25" count="24" type="stmt"/>
        <line num="26" count="24" type="stmt"/>
        <line num="27" count="24" type="stmt"/>
        <line num="28" count="24" type="stmt"/>
        <line num="29" count="24" type="stmt"/>
        <line num="30" count="24" type="stmt"/>
        <line num="31" count="24" type="stmt"/>
        <line num="32" count="24" type="stmt"/>
        <line num="33" count="24" type="stmt"/>
        <line num="34" count="24" type="stmt"/>
        <line num="35" count="24" type="stmt"/>
        <line num="36" count="24" type="stmt"/>
        <line num="37" count="24" type="stmt"/>
        <line num="38" count="24" type="stmt"/>
        <line num="39" count="24" type="stmt"/>
        <line num="40" count="24" type="stmt"/>
        <line num="41" count="24" type="stmt"/>
        <line num="42" count="24" type="stmt"/>
        <line num="43" count="24" type="stmt"/>
        <line num="44" count="24" type="stmt"/>
        <line num="45" count="24" type="stmt"/>
        <line num="46" count="24" type="stmt"/>
        <line num="47" count="24" type="stmt"/>
        <line num="48" count="24" type="stmt"/>
        <line num="49" count="24" type="stmt"/>
        <line num="50" count="24" type="stmt"/>
        <line num="51" count="24" type="stmt"/>
        <line num="52" count="24" type="stmt"/>
        <line num="53" count="24" type="stmt"/>
        <line num="54" count="24" type="stmt"/>
        <line num="55" count="24" type="stmt"/>
        <line num="56" count="24" type="stmt"/>
        <line num="57" count="24" type="stmt"/>
        <line num="58" count="24" type="stmt"/>
        <line num="59" count="24" type="stmt"/>
        <line num="60" count="24" type="stmt"/>
        <line num="61" count="24" type="stmt"/>
        <line num="62" count="24" type="stmt"/>
        <line num="67" count="1" type="cond" truecount="1" falsecount="0"/>
        <line num="68" count="8" type="stmt"/>
        <line num="69" count="8" type="stmt"/>
[...]
        <metrics statements="180" coveredstatements="177" conditionals="36" coveredconditionals="29" methods="7" coveredmethods="7"/>
        <line num="1" count="1" type="stmt"/>
        <line num="20" count="1" type="stmt"/>
        <line num="21" count="1" type="stmt"/>
        <line num="22" count="1" type="stmt"/>
        <line num="25" count="1" type="stmt"/>
        <line num="26" count="1" type="stmt"/>
        <line num="27" count="1" type="stmt"/>
        <line num="28" count="1" type="stmt"/>
        <line num="29" count="1" type="stmt"/>
        <line num="30" count="1" type="stmt"/>
        <line num="31" count="1" type="stmt"/>
        <line num="32" count="1" type="stmt"/>
        <line num="33" count="1" type="stmt"/>
        <line num="34" count="1" type="stmt"/>
        <line num="35" count="1" type="stmt"/>
        <line num="36" count="1" type="stmt"/>
        <line num="37" count="1" type="stmt"/>
        <line num="38" count="1" type="stmt"/>
        <line num="41" count="1" type="stmt"/>
        <line num="43" count="1" type="stmt"/>
        <line num="44" count="1" type="stmt"/>
        <line num="45" count="1" type="stmt"/>
        <line num="46" count="1" type="stmt"/>
        <line num="47" count="1" type="stmt"/>
        <line num="48" count="1" type="stmt"/>
        <line num="49" count="1" type="stmt"/>
        <line num="50" count="1" type="stmt"/>
        <line num="51" count="1" type="stmt"/>
        <line num="53" count="1" type="stmt"/>
        <line num="54" count="1" type="stmt"/>
        <line num="55" count="1" type="stmt"/>
        <line num="56" count="1" type="stmt"/>
        <line num="57" count="1" type="stmt"/>
        <line num="58" count="1" type="stmt"/>
        <line num="60" count="1" type="stmt"/>
        <line num="61" count="1" type="stmt"/>
        <line num="62" count="1" type="stmt"/>
        <line num="63" count="1" type="stmt"/>
        <line num="66" count="1" type="stmt"/>
        <line num="67" count="1" type="stmt"/>
        <line num="68" count="1" type="stmt"/>
        <line num="69" count="1" type="stmt"/>
        <line num="70" count="1" type="stmt"/>
        <line num="71" count="1" type="stmt"/>
        <line num="72" count="1" type="stmt"/>
        <line num="73" count="1" type="stmt"/>
        <line num="74" count="1" type="stmt"/>
        <line num="75" count="1" type="stmt"/>
        <line num="76" count="1" type="stmt"/>
        <line num="77" count="1" type="stmt"/>
        <line num="80" count="1" type="stmt"/>
        <line num="81" count="1" type="stmt"/>
        <line num="82" count="1" type="stmt"/>
        <line num="83" count="1" type="stmt"/>
        <line num="89" count="1" type="cond" truecount="1" falsecount="0"/>
        <line num="90" count="27" type="stmt"/>
        <line num="91" count="27" type="stmt"/>
        <line num="92" count="27" type="stmt"/>
        <line num="93" count="27" type="stmt"/>
        <line num="94" count="27" type="stmt"/>
        <line num="95" count="27" type="stmt"/>
        <line num="96" count="27" type="stmt"/>
        <line num="98" count="27" type="stmt"/>
        <line num="99" count="27" type="stmt"/>
        <line num="100" count="27" type="stmt"/>
        <line num="101" count="27" type="stmt"/>
        <line num="104" count="27" type="stmt"/>
        <line num="105" count="27" type="cond" truecount="1" falsecount="0"/>
        <line num="106" count="666" type="cond" truecount="1" falsecount="0"/>
        <line num="107" count="8580" type="cond" truecount="1" falsecount="0"/>
        <line num="108" count="65" type="stmt"/>
        <line num="109" count="65" type="stmt"/>
        <line num="110" count="65" type="stmt"/>
        <line num="111" count="8580" type="stmt"/>
        <line num="112" count="666" type="stmt"/>
        <line num="115" count="27" type="stmt"/>
        <line num="116" count="27" type="cond" truecount="1" falsecount="0"/>
        <line num="117" count="18" type="stmt"/>
        <line num="118" count="18" type="stmt"/>
        <line num="119" count="18" type="stmt"/>
        <line num="120" count="18" type="stmt"/>
        <line num="121" count="18" type="stmt"/>
        <line num="122" count="18" type="stmt"/>
        <line num="123" count="18" type="stmt"/>
        <line num="124" count="27" type="stmt"/>
        <line num="126" count="27" type="stmt"/>
        <line num="127" count="27" type="stmt"/>
        <line num="129" count="27" type="cond" truecount="1" falsecount="0"/>
        <line num="130" count="27" type="stmt"/>
        <line num="131" count="27" type="cond" truecount="1" falsecount="0"/>
        <line num="132" count="14" type="stmt"/>
        <line num="133" count="27" type="cond" truecount="1" falsecount="0"/>
        <line num="134" count="7" type="stmt"/>
        <line num="135" count="27" type="cond" truecount="1" falsecount="0"/>
        <line num="136" count="6" type="stmt"/>
        <line num="137" count="27" type="stmt"/>
        <line num="138" count="27" type="stmt"/>
        <line num="140" count="27" type="cond" truecount="1" falsecount="0"/>
        <line num="141" count="27" type="stmt"/>
        <line num="142" count="27" type="cond" truecount="1" falsecount="0"/>
        <line num="143" count="14" type="stmt"/>
        <line num="144" count="27" type="cond" truecount="1" falsecount="0"/>
        <line num="145" count="7" type="stmt"/>
        <line num="146" count="27" type="cond" truecount="1" falsecount="0"/>
        <line num="147" count="6" type="stmt"/>
        <line num="148" count="27" type="stmt"/>
        <line num="149" count="27" type="stmt"/>
        <line num="156" count="27" type="cond" truecount="1" falsecount="0"/>
        <line num="157" count="27" type="stmt"/>
        <line num="158" count="27" type="stmt"/>
        <line num="159" count="27" type="stmt"/>
        <line num="160" count="27" type="stmt"/>
        <line num="161" count="27" type="cond" truecount="2" falsecount="0"/>
        <line num="163" count="18" type="cond" truecount="1" falsecount="0"/>
        <line num="164" count="65" type="stmt"/>
        <line num="165" count="65" type="stmt"/>
        <line num="166" count="18" type="stmt"/>
        <line num="169" count="18" type="cond" truecount="1" falsecount="0"/>
        <line num="170" count="18" type="stmt"/>
        <line num="171" count="27" type="cond" truecount="1" falsecount="0"/>
        <line num="172" count="65" type="stmt"/>
        <line num="173" count="65" type="cond" truecount="2" falsecount="0"/>
        <line num="174" count="47" type="stmt"/>
        <line num="175" count="65" type="cond" truecount="1" falsecount="0"/>
        <line num="176" count="18" type="stmt"/>
        <line num="177" count="18" type="stmt"/>
        <line num="178" count="65" type="cond" truecount="1" falsecount="0"/>
        <line num="180" count="18" type="stmt"/>
        <line num="181" count="18" type="stmt"/>
        <line num="187" count="27" type="cond" truecount="1" falsecount="0"/>
        <line num="189" count="27" type="stmt"/>
        <line num="190" count="27" type="stmt"/>
        <line num="191" count="27" type="stmt"/>
        <line num="193" count="27" type="stmt"/>
        <line num="194" count="27" type="stmt"/>
        <line num="195" count="27" type="cond" truecount="1" falsecount="0"/>
        <line num="196" count="18" type="cond" truecount="0" falsecount="1"/>
        <line num="197" count="18" type="stmt"/>
        <line num="198" count="18" type="stmt"/>
        <line num="199" count="18" type="stmt"/>
        <line num="202" count="27" type="stmt"/>
        <line num="203" count="0" type="stmt"/>
        <line num="204" count="0" type="stmt"/>
        <line num="205" count="27" type="stmt"/>
        <line num="207" count="27" type="stmt"/>
        <line num="208" count="27" type="stmt"/>
        <line num="210" count="27" type="cond" truecount="1" falsecount="0"/>
        <line num="211" count="27" type="cond" truecount="0" falsecount="1"/>
        <line num="212" count="27" type="stmt"/>
        <line num="213" count="27" type="stmt"/>
        <line num="214" count="27" type="stmt"/>
        <line num="215" count="27" type="stmt"/>
        <line num="216" count="27" type="stmt"/>
        <line num="218" count="27" type="stmt"/>
        <line num="219" count="27" type="cond" truecount="0" falsecount="2"/>
        <line num="220" count="27" type="cond" truecount="0" falsecount="1"/>
        <line num="222" count="27" type="stmt"/>
        <line num="223" count="27" type="stmt"/>
        <line num="224" count="27" type="cond" truecount="0" falsecount="1"/>
        <line num="226" count="27" type="cond" truecount="0" falsecount="1"/>
        <line num="227" count="0" type="stmt"/>
        <line num="228" count="27" type="stmt"/>
        <line num="229" count="27" type="stmt"/>
        <line num="230" count="27" type="stmt"/>
        <line num="231" count="27" type="stmt"/>
        <line num="232" count="27" type="stmt"/>
        <line num="233" count="27" type="stmt"/>
        <line num="234" count="27" type="stmt"/>
        <line num="236" count="27" type="stmt"/>
        <line num="237" count="27" type="stmt"/>
        <line num="242" count="1" type="cond" truecount="1" falsecount="0"/>
        <line num="243" count="14" type="cond" truecount="2" falsecount="0"/>
        <line num="245" count="13" type="stmt"/>
        <line num="246" count="13" type="stmt"/>
        <line num="247" count="13" type="stmt"/>
        <line num="248" count="13" type="stmt"/>
        <line num="249" count="13" type="stmt"/>
        <line num="250" count="13" type="stmt"/>
        <line num="251" count="13" type="stmt"/>
        <line num="252" count="13" type="stmt"/>
      </file>
      <file name="screen.ts" path="/Users/brianfending/Documents/source/ordovera/ordovera-plugins/packages/cc-mcp-audit/src/screen.ts">
        <metrics statements="111" coveredstatements="106" conditionals="30" coveredconditionals="25" methods="2" coveredmethods="2"/>
        <line num="1" count="1" type="stmt"/>
        <line num="10" count="1" type="stmt"/>
        <line num="11" count="1" type="stmt"/>
        <line num="12" count="1" type="stmt"/>
        <line num="13" count="1" type="stmt"/>
        <line num="14" count="1" type="stmt"/>
        <line num="34" count="9" type="cond" truecount="1" falsecount="0"/>
        <line num="35" count="9" type="stmt"/>
        <line num="36" count="9" type="stmt"/>
        <line num="37" count="9" type="stmt"/>
        <line num="38" count="9" type="cond" truecount="1" falsecount="0"/>
        <line num="39" count="9" type="stmt"/>
        <line num="41" count="9" type="stmt"/>
        <line num="42" count="9" type="stmt"/>
        <line num="43" count="9" type="stmt"/>
        <line num="44" count="9" type="stmt"/>
        <line num="46" count="9" type="cond" truecount="1" falsecount="0"/>
        <line num="48" count="21" type="cond" truecount="2" falsecount="0"/>
        <line num="49" count="2" type="stmt"/>
        <line num="50" count="2" type="stmt"/>
        <line num="51" count="2" type="stmt"/>
        <line num="52" count="2" type="stmt"/>
        <line num="53" count="2" type="stmt"/>
        <line num="54" count="2" type="stmt"/>
        <line num="55" count="2" type="cond" truecount="1" falsecount="0"/>
        <line num="57" count="19" type="stmt"/>
        <line num="58" count="21" type="cond" truecount="1" falsecount="0"/>
        <line num="59" count="7" type="stmt"/>
        <line num="60" count="7" type="stmt"/>
        <line num="61" count="7" type="stmt"/>
        <line num="62" count="7" type="stmt"/>
        <line num="63" count="7" type="stmt"/>
        <line num="64" count="7" type="stmt"/>
        <line num="65" count="7" type="cond" truecount="1" falsecount="0"/>
        <line num="67" count="12" type="stmt"/>
        <line num="69" count="12" type="stmt"/>
        <line num="70" count="12" type="stmt"/>
        <line num="71" count="12" type="cond" truecount="1" falsecount="0"/>
        <line num="72" count="21" type="cond" truecount="1" falsecount="0"/>
        <line num="73" count="2" type="stmt"/>
        <line num="74" count="2" type="stmt"/>
        <line num="75" count="2" type="cond" truecount="0" falsecount="1"/>
        <line num="76" count="2" type="stmt"/>
        <line num="77" count="2" type="stmt"/>
        <line num="78" count="2" type="stmt"/>
        <line num="79" count="2" type="cond" truecount="1" falsecount="0"/>
        <line num="81" count="10" type="stmt"/>
        <line num="82" count="10" type="stmt"/>
        <line num="83" count="10" type="stmt"/>
        <line num="84" count="10" type="stmt"/>
        <line num="85" count="10" type="stmt"/>
        <line num="86" count="10" type="stmt"/>
        <line num="88" count="10" type="stmt"/>
        <line num="89" count="21" type="cond" truecount="1" falsecount="0"/>
        <line num="90" count="8" type="stmt"/>
        <line num="91" count="21" type="cond" truecount="1" falsecount="0"/>
        <line num="92" count="2" type="stmt"/>
        <line num="93" count="2" type="stmt"/>
        <line num="94" count="2" type="stmt"/>
        <line num="95" count="2" type="stmt"/>
        <line num="96" count="2" type="stmt"/>
        <line num="97" count="2" type="stmt"/>
        <line num="98" count="21" type="stmt"/>
        <line num="100" count="9" type="stmt"/>
        <line num="101" count="9" type="stmt"/>
        <line num="102" count="9" type="stmt"/>
        <line num="103" count="9" type="stmt"/>
        <line num="104" count="9" type="stmt"/>
        <line num="105" count="9" type="stmt"/>
        <line num="106" count="9" type="cond" truecount="2" falsecount="0"/>
        <line num="107" count="9" type="stmt"/>
        <line num="108" count="9" type="stmt"/>
        <line num="109" count="9" type="stmt"/>
        <line num="110" count="9" type="stmt"/>
        <line num="116" count="10" type="cond" truecount="1" falsecount="0"/>
        <line num="118" count="10" type="stmt"/>
        <line num="120" count="10" type="stmt"/>
        <line num="121" count="10" type="cond" truecount="1" falsecount="0"/>
        <line num="124" count="10" type="stmt"/>
        <line num="125" count="10" type="cond" truecount="2" falsecount="0"/>
        <line num="127" count="8" type="stmt"/>
        <line num="128" count="8" type="stmt"/>
        <line num="129" count="8" type="stmt"/>
        <line num="130" count="8" type="stmt"/>
        <line num="131" count="8" type="cond" truecount="1" falsecount="0"/>
        <line num="132" count="8" type="stmt"/>
        <line num="133" count="10" type="cond" truecount="0" falsecount="1"/>
        <line num="134" count="0" type="stmt"/>
        <line num="135" count="0" type="cond" truecount="1" falsecount="0"/>
        <line num="137" count="8" type="stmt"/>
        <line num="138" count="8" type="stmt"/>
        <line num="139" count="10" type="cond" truecount="0" falsecount="1"/>
        <line num="140" count="10" type="cond" truecount="1" falsecount="0"/>
        <line num="141" count="8" type="stmt"/>
        <line num="142" count="8" type="stmt"/>
        <line num="143" count="8" type="cond" truecount="1" falsecount="0"/>
        <line num="144" count="5" type="stmt"/>
        <line num="145" count="5" type="stmt"/>
        <line num="146" count="5" type="cond" truecount="1" falsecount="0"/>
        <line num="147" count="3" type="stmt"/>
        <line num="148" count="8" type="stmt"/>
        <line num="149" count="8" type="cond" truecount="1" falsecount="0"/>
        <line num="150" count="3" type="stmt"/>
        <line num="151" count="3" type="stmt"/>
        <line num="152" count="8" type="cond" truecount="0" falsecount="1"/>
        <line num="153" count="0" type="stmt"/>
        <line num="154" count="10" type="stmt"/>
        <line num="155" count="10" type="cond" truecount="0" falsecount="1"/>
        <line num="156" count="0" type="stmt"/>
        <line num="157" count="0" type="stmt"/>
        <line num="158" count="10" type="stmt"/>
      </file>
      <file name="types.ts" path="/Users/brianfending/Documents/source/ordovera/ordovera-plugins/packages/cc-mcp-audit/src/types.ts">
        <metrics statements="0" coveredstatements="0" conditionals="1" coveredconditionals="1" methods="1" coveredmethods="1"/>
      </file>
    </package>
    <package name="test-fixtures.ts-framework-no-tools.src">
      <metrics statements="4" coveredstatements="0" conditionals="1" coveredconditionals="0" methods="1" coveredmethods="0"/>
      <file name="index.ts" path="/Users/brianfending/Documents/source/ordovera/ordovera-plugins/packages/cc-mcp-audit/test-fixtures/ts-framework-no-tools/src/index.ts">
        <metrics statements="4" coveredstatements="0" conditionals="1" coveredconditionals="0" methods="1" coveredmethods="0"/>
        <line num="1" count="0" type="cond" truecount="0" falsecount="1"/>
        <line num="3" count="0" type="stmt"/>
        <line num="6" count="0" type="stmt"/>
        <line num="7" count="0" type="stmt"/>
      </file>
    </package>
    <package name="test-fixtures.ts-server.src">
      <metrics statements="40" coveredstatements="0" conditionals="2" coveredconditionals="1" methods="2" coveredmethods="1"/>
      <file name="index.ts" path="/Users/brianfending/Documents/source/ordovera/ordovera-plugins/packages/cc-mcp-audit/test-fixtures/ts-server/src/index.ts">
        <metrics statements="27" coveredstatements="0" conditionals="1" coveredconditionals="0" methods="1" coveredmethods="0"/>
        <line num="1" count="0" type="cond" truecount="0" falsecount="1"/>
        <line num="3" count="0" type="stmt"/>
        <line num="5" count="0" type="stmt"/>
        <line num="6" count="0" type="stmt"/>
        <line num="7" count="0" type="stmt"/>
        <line num="8" count="0" type="stmt"/>
        <line num="9" count="0" type="stmt"/>
        <line num="11" count="0" type="stmt"/>
        <line num="12" count="0" type="stmt"/>
        <line num="13" count="0" type="stmt"/>
        <line num="14" count="0" type="stmt"/>
        <line num="15" count="0" type="stmt"/>
        <line num="16" count="0" type="stmt"/>
        <line num="17" count="0" type="stmt"/>
        <line num="19" count="0" type="stmt"/>
        <line num="20" count="0" type="stmt"/>
        <line num="21" count="0" type="stmt"/>
        <line num="22" count="0" type="stmt"/>
        <line num="23" count="0" type="stmt"/>
        <line num="24" count="0" type="stmt"/>
        <line num="26" count="0" type="stmt"/>
        <line num="27" count="0" type="stmt"/>
        <line num="28" count="0" type="stmt"/>
        <line num="29" count="0" type="stmt"/>
        <line num="30" count="0" type="stmt"/>
        <line num="31" count="0" type="stmt"/>
        <line num="32" count="0" type="stmt"/>
      </file>
      <file name="tools.ts" path="/Users/brianfending/Documents/source/ordovera/ordovera-plugins/packages/cc-mcp-audit/test-fixtures/ts-server/src/tools.ts">
        <metrics statements="13" coveredstatements="0" conditionals="1" coveredconditionals="1" methods="1" coveredmethods="1"/>
        <line num="2" count="0" type="stmt"/>
        <line num="3" count="0" type="stmt"/>
        <line num="4" count="0" type="stmt"/>
        <line num="5" count="0" type="stmt"/>
        <line num="6" count="0" type="stmt"/>
        <line num="7" count="0" type="stmt"/>
        <line num="8" count="0" type="stmt"/>
        <line num="9" count="0" type="stmt"/>
        <line num="10" count="0" type="stmt"/>
        <line num="11" count="0" type="stmt"/>
        <line num="12" count="0" type="stmt"/>
        <line num="13" count="0" type="stmt"/>
        <line num="15" count="0" type="stmt"/>
      </file>
    </package>
  </project>
</coverage>
